{"/Users/juan/Desktop/SEC/REACT/react-2/snack-or-booze/src/App.js": {"path":"/Users/juan/Desktop/SEC/REACT/react-2/snack-or-booze/src/App.js","statementMap":{"0":{"start":{"line":14,"column":36},"end":{"line":14,"column":50}},"1":{"start":{"line":16,"column":28},"end":{"line":16,"column":40}},"2":{"start":{"line":21,"column":2},"end":{"line":28,"column":9}},"3":{"start":{"line":23,"column":18},"end":{"line":23,"column":50}},"4":{"start":{"line":24,"column":6},"end":{"line":24,"column":21}},"5":{"start":{"line":25,"column":6},"end":{"line":25,"column":26}},"6":{"start":{"line":27,"column":4},"end":{"line":27,"column":16}},"7":{"start":{"line":34,"column":18},"end":{"line":43,"column":3}},"8":{"start":{"line":35,"column":19},"end":{"line":35,"column":58}},"9":{"start":{"line":36,"column":20},"end":{"line":36,"column":104}},"10":{"start":{"line":37,"column":4},"end":{"line":42,"column":6}},"11":{"start":{"line":38,"column":8},"end":{"line":41,"column":9}},"12":{"start":{"line":48,"column":2},"end":{"line":50,"column":3}},"13":{"start":{"line":49,"column":4},"end":{"line":49,"column":35}},"14":{"start":{"line":52,"column":2},"end":{"line":90,"column":4}}},"fnMap":{"0":{"name":"App","decl":{"start":{"line":12,"column":9},"end":{"line":12,"column":12}},"loc":{"start":{"line":12,"column":15},"end":{"line":91,"column":1}},"line":12},"1":{"name":"(anonymous_1)","decl":{"start":{"line":21,"column":12},"end":{"line":21,"column":13}},"loc":{"start":{"line":21,"column":18},"end":{"line":28,"column":3}},"line":21},"2":{"name":"getSnacks","decl":{"start":{"line":22,"column":19},"end":{"line":22,"column":28}},"loc":{"start":{"line":22,"column":31},"end":{"line":26,"column":5}},"line":22},"3":{"name":"(anonymous_3)","decl":{"start":{"line":34,"column":18},"end":{"line":34,"column":19}},"loc":{"start":{"line":34,"column":35},"end":{"line":43,"column":3}},"line":34},"4":{"name":"(anonymous_4)","decl":{"start":{"line":37,"column":14},"end":{"line":37,"column":15}},"loc":{"start":{"line":37,"column":18},"end":{"line":42,"column":5}},"line":37}},"branchMap":{"0":{"loc":{"start":{"line":48,"column":2},"end":{"line":50,"column":3}},"type":"if","locations":[{"start":{"line":48,"column":2},"end":{"line":50,"column":3}},{"start":{},"end":{}}],"line":48}},"s":{"0":26,"1":25,"2":25,"3":13,"4":13,"5":13,"6":13,"7":25,"8":1,"9":1,"10":1,"11":1,"12":25,"13":13,"14":12},"f":{"0":26,"1":13,"2":13,"3":1,"4":1},"b":{"0":[13,12]},"_coverageSchema":"1a1c01bbd47fc00a2c39e90264f33305004495a9","hash":"11c56b6a07a9e3b04e352e09b53ae50218009566"}
,"/Users/juan/Desktop/SEC/REACT/react-2/snack-or-booze/src/Home.js": {"path":"/Users/juan/Desktop/SEC/REACT/react-2/snack-or-booze/src/Home.js","statementMap":{"0":{"start":{"line":12,"column":2},"end":{"line":40,"column":4}}},"fnMap":{"0":{"name":"Home","decl":{"start":{"line":11,"column":9},"end":{"line":11,"column":13}},"loc":{"start":{"line":11,"column":23},"end":{"line":41,"column":1}},"line":11}},"branchMap":{},"s":{"0":8},"f":{"0":8},"b":{},"_coverageSchema":"1a1c01bbd47fc00a2c39e90264f33305004495a9","hash":"86abbba23d450f2c5aff31d41e28f7213c8eb700"}
,"/Users/juan/Desktop/SEC/REACT/react-2/snack-or-booze/src/NavBar.js": {"path":"/Users/juan/Desktop/SEC/REACT/react-2/snack-or-booze/src/NavBar.js","statementMap":{"0":{"start":{"line":10,"column":2},"end":{"line":30,"column":4}}},"fnMap":{"0":{"name":"NavBar","decl":{"start":{"line":9,"column":9},"end":{"line":9,"column":15}},"loc":{"start":{"line":9,"column":18},"end":{"line":31,"column":1}},"line":9}},"branchMap":{},"s":{"0":15},"f":{"0":15},"b":{},"_coverageSchema":"1a1c01bbd47fc00a2c39e90264f33305004495a9","hash":"a175000b80efd59e111a641b67a1ac15c86a3558"}
,"/Users/juan/Desktop/SEC/REACT/react-2/snack-or-booze/src/NotFound.js": {"path":"/Users/juan/Desktop/SEC/REACT/react-2/snack-or-booze/src/NotFound.js","statementMap":{"0":{"start":{"line":8,"column":17},"end":{"line":18,"column":1}},"1":{"start":{"line":9,"column":4},"end":{"line":16,"column":5}}},"fnMap":{"0":{"name":"(anonymous_0)","decl":{"start":{"line":8,"column":17},"end":{"line":8,"column":18}},"loc":{"start":{"line":8,"column":21},"end":{"line":18,"column":1}},"line":8}},"branchMap":{},"s":{"0":2,"1":5},"f":{"0":5},"b":{},"_coverageSchema":"1a1c01bbd47fc00a2c39e90264f33305004495a9","hash":"660a09371165ccb570e9472661a8930009ea85b3"}
,"/Users/juan/Desktop/SEC/REACT/react-2/snack-or-booze/src/tests/_testItems.js": {"path":"/Users/juan/Desktop/SEC/REACT/react-2/snack-or-booze/src/tests/_testItems.js","statementMap":{"0":{"start":{"line":3,"column":18},"end":{"line":37,"column":1}}},"fnMap":{},"branchMap":{},"s":{"0":1},"f":{},"b":{},"_coverageSchema":"1a1c01bbd47fc00a2c39e90264f33305004495a9","hash":"e0b91736827dbcf15f2e6631f4fd49690ca87377"}
}
