TN:
SF:src/App.js
FN:12,App
FN:21,(anonymous_1)
FN:22,getSnacks
FN:34,(anonymous_3)
FN:37,(anonymous_4)
FNF:5
FNH:5
FNDA:26,App
FNDA:13,(anonymous_1)
FNDA:13,getSnacks
FNDA:1,(anonymous_3)
FNDA:1,(anonymous_4)
DA:14,26
DA:16,25
DA:21,25
DA:23,13
DA:24,13
DA:25,13
DA:27,13
DA:34,25
DA:35,1
DA:36,1
DA:37,1
DA:38,1
DA:48,25
DA:49,13
DA:52,12
LF:15
LH:15
BRDA:48,0,0,13
BRDA:48,0,1,12
BRF:2
BRH:2
end_of_record
TN:
SF:src/Home.js
FN:11,Home
FNF:1
FNH:1
FNDA:8,Home
DA:12,8
LF:1
LH:1
BRF:0
BRH:0
end_of_record
TN:
SF:src/NavBar.js
FN:9,NavBar
FNF:1
FNH:1
FNDA:15,NavBar
DA:10,15
LF:1
LH:1
BRF:0
BRH:0
end_of_record
TN:
SF:src/NotFound.js
FN:8,(anonymous_0)
FNF:1
FNH:1
FNDA:5,(anonymous_0)
DA:8,2
DA:9,5
LF:2
LH:2
BRF:0
BRH:0
end_of_record
TN:
SF:src/tests/_testItems.js
FNF:0
FNH:0
DA:3,1
LF:1
LH:1
BRF:0
BRH:0
end_of_record
